[2022-10-03 20:01:04,405] {taskinstance.py:1032} INFO - Dependencies all met for <TaskInstance: ingest_star_wars.get_raw_star_wars_people_data scheduled__2022-10-02T14:17:00+00:00 [queued]>
[2022-10-03 20:01:04,460] {taskinstance.py:1032} INFO - Dependencies all met for <TaskInstance: ingest_star_wars.get_raw_star_wars_people_data scheduled__2022-10-02T14:17:00+00:00 [queued]>
[2022-10-03 20:01:04,461] {taskinstance.py:1238} INFO - 
--------------------------------------------------------------------------------
[2022-10-03 20:01:04,462] {taskinstance.py:1239} INFO - Starting attempt 1 of 1
[2022-10-03 20:01:04,465] {taskinstance.py:1240} INFO - 
--------------------------------------------------------------------------------
[2022-10-03 20:01:04,575] {taskinstance.py:1259} INFO - Executing <Task(PythonOperator): get_raw_star_wars_people_data> on 2022-10-02 14:17:00+00:00
[2022-10-03 20:01:04,597] {standard_task_runner.py:52} INFO - Started process 240 to run task
[2022-10-03 20:01:04,612] {standard_task_runner.py:76} INFO - Running: ['***', 'tasks', 'run', 'ingest_star_wars', 'get_raw_star_wars_people_data', 'scheduled__2022-10-02T14:17:00+00:00', '--job-id', '4', '--raw', '--subdir', 'DAGS_FOLDER/ingest_starwars_data.py', '--cfg-path', '/tmp/tmpkqj5ao6h', '--error-file', '/tmp/tmp7xlhakas']
[2022-10-03 20:01:04,619] {standard_task_runner.py:77} INFO - Job 4: Subtask get_raw_star_wars_people_data
[2022-10-03 20:01:04,735] {logging_mixin.py:109} INFO - Running <TaskInstance: ingest_star_wars.get_raw_star_wars_people_data scheduled__2022-10-02T14:17:00+00:00 [running]> on host 86c7e9112604
[2022-10-03 20:01:04,867] {taskinstance.py:1426} INFO - Exporting the following env vars:
AIRFLOW_CTX_DAG_EMAIL=xxxx@xxxxx.com
AIRFLOW_CTX_DAG_OWNER=Anvesh
AIRFLOW_CTX_DAG_ID=ingest_star_wars
AIRFLOW_CTX_TASK_ID=get_raw_star_wars_people_data
AIRFLOW_CTX_EXECUTION_DATE=2022-10-02T14:17:00+00:00
AIRFLOW_CTX_DAG_RUN_ID=scheduled__2022-10-02T14:17:00+00:00
[2022-10-03 20:01:12,434] {python.py:175} INFO - Done. Returned value was: None
[2022-10-03 20:01:12,474] {taskinstance.py:1277} INFO - Marking task as SUCCESS. dag_id=ingest_star_wars, task_id=get_raw_star_wars_people_data, execution_date=20221002T141700, start_date=20221003T200104, end_date=20221003T200112
[2022-10-03 20:01:12,560] {local_task_job.py:154} INFO - Task exited with return code 0
[2022-10-03 20:01:12,683] {local_task_job.py:264} INFO - 1 downstream tasks scheduled from follow-on schedule check
