[2022-10-03 20:52:47,202] {taskinstance.py:1032} INFO - Dependencies all met for <TaskInstance: ingest_star_wars.get_raw_star_wars_films_data manual__2022-10-03T20:52:42.654227+00:00 [queued]>
[2022-10-03 20:52:47,218] {taskinstance.py:1032} INFO - Dependencies all met for <TaskInstance: ingest_star_wars.get_raw_star_wars_films_data manual__2022-10-03T20:52:42.654227+00:00 [queued]>
[2022-10-03 20:52:47,219] {taskinstance.py:1238} INFO - 
--------------------------------------------------------------------------------
[2022-10-03 20:52:47,220] {taskinstance.py:1239} INFO - Starting attempt 1 of 1
[2022-10-03 20:52:47,221] {taskinstance.py:1240} INFO - 
--------------------------------------------------------------------------------
[2022-10-03 20:52:47,237] {taskinstance.py:1259} INFO - Executing <Task(PythonOperator): get_raw_star_wars_films_data> on 2022-10-03 20:52:42.654227+00:00
[2022-10-03 20:52:47,245] {standard_task_runner.py:52} INFO - Started process 2338 to run task
[2022-10-03 20:52:47,251] {standard_task_runner.py:76} INFO - Running: ['***', 'tasks', 'run', 'ingest_star_wars', 'get_raw_star_wars_films_data', 'manual__2022-10-03T20:52:42.654227+00:00', '--job-id', '18', '--raw', '--subdir', 'DAGS_FOLDER/ingest_starwars_data.py', '--cfg-path', '/tmp/tmpad9eni9j', '--error-file', '/tmp/tmpm5y35xvr']
[2022-10-03 20:52:47,254] {standard_task_runner.py:77} INFO - Job 18: Subtask get_raw_star_wars_films_data
[2022-10-03 20:52:47,341] {logging_mixin.py:109} INFO - Running <TaskInstance: ingest_star_wars.get_raw_star_wars_films_data manual__2022-10-03T20:52:42.654227+00:00 [running]> on host 86c7e9112604
[2022-10-03 20:52:47,416] {taskinstance.py:1426} INFO - Exporting the following env vars:
AIRFLOW_CTX_DAG_EMAIL=xxxx@xxxxx.com
AIRFLOW_CTX_DAG_OWNER=Ram
AIRFLOW_CTX_DAG_ID=ingest_star_wars
AIRFLOW_CTX_TASK_ID=get_raw_star_wars_films_data
AIRFLOW_CTX_EXECUTION_DATE=2022-10-03T20:52:42.654227+00:00
AIRFLOW_CTX_DAG_RUN_ID=manual__2022-10-03T20:52:42.654227+00:00
[2022-10-03 20:52:50,118] {python.py:175} INFO - Done. Returned value was: None
[2022-10-03 20:52:50,132] {taskinstance.py:1277} INFO - Marking task as SUCCESS. dag_id=ingest_star_wars, task_id=get_raw_star_wars_films_data, execution_date=20221003T205242, start_date=20221003T205247, end_date=20221003T205250
[2022-10-03 20:52:50,196] {local_task_job.py:154} INFO - Task exited with return code 0
[2022-10-03 20:52:50,297] {local_task_job.py:264} INFO - 0 downstream tasks scheduled from follow-on schedule check
