[2022-10-03 20:01:04,825] {taskinstance.py:1032} INFO - Dependencies all met for <TaskInstance: ingest_star_wars.get_raw_star_wars_films_data scheduled__2022-10-02T14:17:00+00:00 [queued]>
[2022-10-03 20:01:04,856] {taskinstance.py:1032} INFO - Dependencies all met for <TaskInstance: ingest_star_wars.get_raw_star_wars_films_data scheduled__2022-10-02T14:17:00+00:00 [queued]>
[2022-10-03 20:01:04,860] {taskinstance.py:1238} INFO - 
--------------------------------------------------------------------------------
[2022-10-03 20:01:04,864] {taskinstance.py:1239} INFO - Starting attempt 1 of 1
[2022-10-03 20:01:04,868] {taskinstance.py:1240} INFO - 
--------------------------------------------------------------------------------
[2022-10-03 20:01:04,896] {taskinstance.py:1259} INFO - Executing <Task(PythonOperator): get_raw_star_wars_films_data> on 2022-10-02 14:17:00+00:00
[2022-10-03 20:01:04,904] {standard_task_runner.py:52} INFO - Started process 241 to run task
[2022-10-03 20:01:04,912] {standard_task_runner.py:76} INFO - Running: ['***', 'tasks', 'run', 'ingest_star_wars', 'get_raw_star_wars_films_data', 'scheduled__2022-10-02T14:17:00+00:00', '--job-id', '5', '--raw', '--subdir', 'DAGS_FOLDER/ingest_starwars_data.py', '--cfg-path', '/tmp/tmpota_69_o', '--error-file', '/tmp/tmpiyjtxy64']
[2022-10-03 20:01:04,914] {standard_task_runner.py:77} INFO - Job 5: Subtask get_raw_star_wars_films_data
[2022-10-03 20:01:05,020] {logging_mixin.py:109} INFO - Running <TaskInstance: ingest_star_wars.get_raw_star_wars_films_data scheduled__2022-10-02T14:17:00+00:00 [running]> on host 86c7e9112604
[2022-10-03 20:01:05,160] {taskinstance.py:1426} INFO - Exporting the following env vars:
AIRFLOW_CTX_DAG_EMAIL=xxxx@xxxxx.com
AIRFLOW_CTX_DAG_OWNER=Anvesh
AIRFLOW_CTX_DAG_ID=ingest_star_wars
AIRFLOW_CTX_TASK_ID=get_raw_star_wars_films_data
AIRFLOW_CTX_EXECUTION_DATE=2022-10-02T14:17:00+00:00
AIRFLOW_CTX_DAG_RUN_ID=scheduled__2022-10-02T14:17:00+00:00
[2022-10-03 20:01:07,150] {python.py:175} INFO - Done. Returned value was: None
[2022-10-03 20:01:07,201] {taskinstance.py:1277} INFO - Marking task as SUCCESS. dag_id=ingest_star_wars, task_id=get_raw_star_wars_films_data, execution_date=20221002T141700, start_date=20221003T200104, end_date=20221003T200107
[2022-10-03 20:01:07,315] {local_task_job.py:154} INFO - Task exited with return code 0
[2022-10-03 20:01:07,447] {local_task_job.py:264} INFO - 1 downstream tasks scheduled from follow-on schedule check
