[2022-10-04 13:28:27,301] {taskinstance.py:1032} INFO - Dependencies all met for <TaskInstance: ingest_star_wars.get_raw_star_wars_people_data manual__2022-10-04T13:28:23.237734+00:00 [queued]>
[2022-10-04 13:28:27,315] {taskinstance.py:1032} INFO - Dependencies all met for <TaskInstance: ingest_star_wars.get_raw_star_wars_people_data manual__2022-10-04T13:28:23.237734+00:00 [queued]>
[2022-10-04 13:28:27,316] {taskinstance.py:1238} INFO - 
--------------------------------------------------------------------------------
[2022-10-04 13:28:27,317] {taskinstance.py:1239} INFO - Starting attempt 1 of 1
[2022-10-04 13:28:27,318] {taskinstance.py:1240} INFO - 
--------------------------------------------------------------------------------
[2022-10-04 13:28:27,332] {taskinstance.py:1259} INFO - Executing <Task(PythonOperator): get_raw_star_wars_people_data> on 2022-10-04 13:28:23.237734+00:00
[2022-10-04 13:28:27,337] {standard_task_runner.py:52} INFO - Started process 3805 to run task
[2022-10-04 13:28:27,342] {standard_task_runner.py:76} INFO - Running: ['***', 'tasks', 'run', 'ingest_star_wars', 'get_raw_star_wars_people_data', 'manual__2022-10-04T13:28:23.237734+00:00', '--job-id', '35', '--raw', '--subdir', 'DAGS_FOLDER/ingest_starwars_data.py', '--cfg-path', '/tmp/tmp_4e8heom', '--error-file', '/tmp/tmp0t2atusb']
[2022-10-04 13:28:27,344] {standard_task_runner.py:77} INFO - Job 35: Subtask get_raw_star_wars_people_data
[2022-10-04 13:28:27,415] {logging_mixin.py:109} INFO - Running <TaskInstance: ingest_star_wars.get_raw_star_wars_people_data manual__2022-10-04T13:28:23.237734+00:00 [running]> on host be1a5b89e146
[2022-10-04 13:28:27,477] {taskinstance.py:1426} INFO - Exporting the following env vars:
AIRFLOW_CTX_DAG_EMAIL=xxxx@xxxxx.com
AIRFLOW_CTX_DAG_OWNER=Ram
AIRFLOW_CTX_DAG_ID=ingest_star_wars
AIRFLOW_CTX_TASK_ID=get_raw_star_wars_people_data
AIRFLOW_CTX_EXECUTION_DATE=2022-10-04T13:28:23.237734+00:00
AIRFLOW_CTX_DAG_RUN_ID=manual__2022-10-04T13:28:23.237734+00:00
[2022-10-04 13:28:37,258] {python.py:175} INFO - Done. Returned value was: None
[2022-10-04 13:28:37,279] {taskinstance.py:1277} INFO - Marking task as SUCCESS. dag_id=ingest_star_wars, task_id=get_raw_star_wars_people_data, execution_date=20221004T132823, start_date=20221004T132827, end_date=20221004T132837
[2022-10-04 13:28:37,326] {local_task_job.py:154} INFO - Task exited with return code 0
[2022-10-04 13:28:37,391] {local_task_job.py:264} INFO - 1 downstream tasks scheduled from follow-on schedule check
